<?xml version="1.0" encoding="UTF-8"?>
<!-- Generated by org.testng.reporters.JUnitReportReporter -->
<testsuite hostname="olgaermolaeva-VirtualBox" name="model.BoardTest" tests="1" failures="0" timestamp="15 Jul 2016 06:09:03 GMT" time="0.103" errors="0">
  <testcase name="TestBoardState" time="0.103" classname="model.BoardTest"/>
</testsuite> <!-- model.BoardTest -->
