<?xml version="1.0" encoding="UTF-8"?>
<!-- Generated by org.testng.reporters.JUnitReportReporter -->
<testsuite hostname="EPPLKRAW0294" name="model.BoardTest" tests="1" failures="0" timestamp="13 Jul 2016 19:48:50 GMT" time="0.071" errors="0">
  <testcase name="TestBoardState" time="0.071" classname="model.BoardTest"/>
</testsuite> <!-- model.BoardTest -->
