<?xml version="1.0" encoding="UTF-8"?>
<!-- Generated by org.testng.reporters.JUnitReportReporter -->
<testsuite hostname="lukasz-VirtualBox" name="model.BoardTest" tests="1" failures="0" timestamp="14 Jul 2016 17:32:31 GMT" time="0.287" errors="0">
  <testcase name="TestBoardState" time="0.287" classname="model.BoardTest"/>
</testsuite> <!-- model.BoardTest -->
